# JRE version: OpenJDK Runtime Environment (8.0_76-b03) (build 1.8.0_76-release-b03)
# Java VM: OpenJDK 64-Bit Server VM (25.76-b03 mixed mode windows-amd64 compressed oops)
Heap:
 PSYoungGen      total 224256K, used 71618K [0x00000000e0000000, 0x00000000f0d00000, 0x0000000100000000)
  eden space 209408K, 31% used [0x00000000e0000000,0x00000000e40440f8,0x00000000ecc80000)
  from space 14848K, 39% used [0x00000000ecc80000,0x00000000ed22c9b8,0x00000000edb00000)
  to   space 18432K, 0% used [0x00000000efb00000,0x00000000efb00000,0x00000000f0d00000)
 ParOldGen       total 105472K, used 52143K [0x00000000a0000000, 0x00000000a6700000, 0x00000000e0000000)
  object space 105472K, 49% used [0x00000000a0000000,0x00000000a32ebe40,0x00000000a6700000)
 Metaspace       used 58901K, capacity 61318K, committed 61360K, reserved 1101824K
  class space    used 7807K, capacity 8336K, committed 8368K, reserved 1048576K
GC Heap History (10 events):
Event: 21.590 GC heap before
{Heap before GC invocations=19 (full 3):
 PSYoungGen      total 182784K, used 6724K [0x00000000e0000000, 0x00000000ec080000, 0x0000000100000000)
  eden space 169472K, 0% used [0x00000000e0000000,0x00000000e0000000,0x00000000ea580000)
  from space 13312K, 50% used [0x00000000eb380000,0x00000000eba11078,0x00000000ec080000)
  to   space 13824K, 0% used [0x00000000ea580000,0x00000000ea580000,0x00000000eb300000)
 ParOldGen       total 52224K, used 40551K [0x00000000a0000000, 0x00000000a3300000, 0x00000000e0000000)
  object space 52224K, 77% used [0x00000000a0000000,0x00000000a2799c18,0x00000000a3300000)
 Metaspace       used 52001K, capacity 54040K, committed 54192K, reserved 1095680K
  class space    used 7093K, capacity 7579K, committed 7600K, reserved 1048576K
Event: 21.967 GC heap after
Heap after GC invocations=19 (full 3):
 PSYoungGen      total 182784K, used 0K [0x00000000e0000000, 0x00000000ec080000, 0x0000000100000000)
  eden space 169472K, 0% used [0x00000000e0000000,0x00000000e0000000,0x00000000ea580000)
  from space 13312K, 0% used [0x00000000eb380000,0x00000000eb380000,0x00000000ec080000)
  to   space 13824K, 0% used [0x00000000ea580000,0x00000000ea580000,0x00000000eb300000)
 ParOldGen       total 52224K, used 40563K [0x00000000a0000000, 0x00000000a3300000, 0x00000000e0000000)
  object space 52224K, 77% used [0x00000000a0000000,0x00000000a279ced8,0x00000000a3300000)
 Metaspace       used 52001K, capacity 54040K, committed 54192K, reserved 1095680K
  class space    used 7093K, capacity 7579K, committed 7600K, reserved 1048576K
}
Event: 30.658 GC heap before
{Heap before GC invocations=20 (full 3):
 PSYoungGen      total 182784K, used 169472K [0x00000000e0000000, 0x00000000ec080000, 0x0000000100000000)
  eden space 169472K, 100% used [0x00000000e0000000,0x00000000ea580000,0x00000000ea580000)
  from space 13312K, 0% used [0x00000000eb380000,0x00000000eb380000,0x00000000ec080000)
  to   space 13824K, 0% used [0x00000000ea580000,0x00000000ea580000,0x00000000eb300000)
 ParOldGen       total 52224K, used 40563K [0x00000000a0000000, 0x00000000a3300000, 0x00000000e0000000)
  object space 52224K, 77% used [0x00000000a0000000,0x00000000a279ced8,0x00000000a3300000)
 Metaspace       used 56028K, capacity 58118K, committed 58416K, reserved 1099776K
  class space    used 7506K, capacity 7980K, committed 7984K, reserved 1048576K
Event: 30.689 GC heap after
Heap after GC invocations=20 (full 3):
 PSYoungGen      total 183296K, used 13282K [0x00000000e0000000, 0x00000000ef200000, 0x0000000100000000)
  eden space 169472K, 0% used [0x00000000e0000000,0x00000000e0000000,0x00000000ea580000)
  from space 13824K, 96% used [0x00000000ea580000,0x00000000eb278ad8,0x00000000eb300000)
  to   space 15872K, 0% used [0x00000000ee280000,0x00000000ee280000,0x00000000ef200000)
 ParOldGen       total 52224K, used 40571K [0x00000000a0000000, 0x00000000a3300000, 0x00000000e0000000)
  object space 52224K, 77% used [0x00000000a0000000,0x00000000a279eed8,0x00000000a3300000)
 Metaspace       used 56028K, capacity 58118K, committed 58416K, reserved 1099776K
  class space    used 7506K, capacity 7980K, committed 7984K, reserved 1048576K
}
Event: 35.714 GC heap before
{Heap before GC invocations=21 (full 3):
 PSYoungGen      total 183296K, used 182754K [0x00000000e0000000, 0x00000000ef200000, 0x0000000100000000)
  eden space 169472K, 100% used [0x00000000e0000000,0x00000000ea580000,0x00000000ea580000)
  from space 13824K, 96% used [0x00000000ea580000,0x00000000eb278ad8,0x00000000eb300000)
  to   space 15872K, 0% used [0x00000000ee280000,0x00000000ee280000,0x00000000ef200000)
 ParOldGen       total 52224K, used 40571K [0x00000000a0000000, 0x00000000a3300000, 0x00000000e0000000)
  object space 52224K, 77% used [0x00000000a0000000,0x00000000a279eed8,0x00000000a3300000)
 Metaspace       used 57897K, capacity 60104K, committed 60208K, reserved 1101824K
  class space    used 7729K, capacity 8207K, committed 8240K, reserved 1048576K
Event: 35.739 GC heap after
Heap after GC invocations=21 (full 3):
 PSYoungGen      total 204800K, used 7108K [0x00000000e0000000, 0x00000000ee980000, 0x0000000100000000)
  eden space 197632K, 0% used [0x00000000e0000000,0x00000000e0000000,0x00000000ec100000)
  from space 7168K, 99% used [0x00000000ee280000,0x00000000ee971108,0x00000000ee980000)
  to   space 14848K, 0% used [0x00000000ecc80000,0x00000000ecc80000,0x00000000edb00000)
 ParOldGen       total 52224K, used 40579K [0x00000000a0000000, 0x00000000a3300000, 0x00000000e0000000)
  object space 52224K, 77% used [0x00000000a0000000,0x00000000a27a0ed8,0x00000000a3300000)
 Metaspace       used 57897K, capacity 60104K, committed 60208K, reserved 1101824K
  class space    used 7729K, capacity 8207K, committed 8240K, reserved 1048576K
}
Event: 73.954 GC heap before
{Heap before GC invocations=22 (full 3):
 PSYoungGen      total 204800K, used 204740K [0x00000000e0000000, 0x00000000ee980000, 0x0000000100000000)
  eden space 197632K, 100% used [0x00000000e0000000,0x00000000ec100000,0x00000000ec100000)
  from space 7168K, 99% used [0x00000000ee280000,0x00000000ee971108,0x00000000ee980000)
  to   space 14848K, 0% used [0x00000000ecc80000,0x00000000ecc80000,0x00000000edb00000)
 ParOldGen       total 52224K, used 40579K [0x00000000a0000000, 0x00000000a3300000, 0x00000000e0000000)
  object space 52224K, 77% used [0x00000000a0000000,0x00000000a27a0ed8,0x00000000a3300000)
 Metaspace       used 58821K, capacity 61190K, committed 61360K, reserved 1101824K
  class space    used 7807K, capacity 8336K, committed 8368K, reserved 1048576K
Event: 75.456 GC heap after
Heap after GC invocations=22 (full 3):
 PSYoungGen      total 224256K, used 14830K [0x00000000e0000000, 0x00000000f0d00000, 0x0000000100000000)
  eden space 209408K, 0% used [0x00000000e0000000,0x00000000e0000000,0x00000000ecc80000)
  from space 14848K, 99% used [0x00000000ecc80000,0x00000000edafbb90,0x00000000edb00000)
  to   space 18432K, 0% used [0x00000000efb00000,0x00000000efb00000,0x00000000f0d00000)
 ParOldGen       total 52224K, used 44235K [0x00000000a0000000, 0x00000000a3300000, 0x00000000e0000000)
  object space 52224K, 84% used [0x00000000a0000000,0x00000000a2b32ca8,0x00000000a3300000)
 Metaspace       used 58821K, capacity 61190K, committed 61360K, reserved 1101824K
  class space    used 7807K, capacity 8336K, committed 8368K, reserved 1048576K
}
Event: 75.457 GC heap before
{Heap before GC invocations=23 (full 4):
 PSYoungGen      total 224256K, used 14830K [0x00000000e0000000, 0x00000000f0d00000, 0x0000000100000000)
  eden space 209408K, 0% used [0x00000000e0000000,0x00000000e0000000,0x00000000ecc80000)
  from space 14848K, 99% used [0x00000000ecc80000,0x00000000edafbb90,0x00000000edb00000)
  to   space 18432K, 0% used [0x00000000efb00000,0x00000000efb00000,0x00000000f0d00000)
 ParOldGen       total 52224K, used 44235K [0x00000000a0000000, 0x00000000a3300000, 0x00000000e0000000)
  object space 52224K, 84% used [0x00000000a0000000,0x00000000a2b32ca8,0x00000000a3300000)
 Metaspace       used 58821K, capacity 61190K, committed 61360K, reserved 1101824K
  class space    used 7807K, capacity 8336K, committed 8368K, reserved 1048576K
Event: 77.880 GC heap after
Heap after GC invocations=23 (full 4):
 PSYoungGen      total 224256K, used 5810K [0x00000000e0000000, 0x00000000f0d00000, 0x0000000100000000)
  eden space 209408K, 0% used [0x00000000e0000000,0x00000000e0000000,0x00000000ecc80000)
  from space 14848K, 39% used [0x00000000ecc80000,0x00000000ed22c9b8,0x00000000edb00000)
  to   space 18432K, 0% used [0x00000000efb00000,0x00000000efb00000,0x00000000f0d00000)
 ParOldGen       total 105472K, used 52143K [0x00000000a0000000, 0x00000000a6700000, 0x00000000e0000000)
  object space 105472K, 49% used [0x00000000a0000000,0x00000000a32ebe40,0x00000000a6700000)
 Metaspace       used 58819K, capacity 61184K, committed 61360K, reserved 1101824K
  class space    used 7806K, capacity 8335K, committed 8368K, reserved 1048576K
}

