# JRE version: OpenJDK Runtime Environment (8.0_76-b03) (build 1.8.0_76-release-b03)
# Java VM: OpenJDK 64-Bit Server VM (25.76-b03 mixed mode windows-amd64 compressed oops)
Heap:
 PSYoungGen      total 468480K, used 150039K [0x00000000e0000000, 0x0000000100000000, 0x0000000100000000)
  eden space 412160K, 36% used [0x00000000e0000000,0x00000000e9285e20,0x00000000f9280000)
  from space 56320K, 0% used [0x00000000fc900000,0x00000000fc900000,0x0000000100000000)
  to   space 55808K, 0% used [0x00000000f9280000,0x00000000f9280000,0x00000000fc900000)
 ParOldGen       total 195584K, used 39073K [0x00000000a0000000, 0x00000000abf00000, 0x00000000e0000000)
  object space 195584K, 19% used [0x00000000a0000000,0x00000000a26285b8,0x00000000abf00000)
 Metaspace       used 67199K, capacity 69026K, committed 69288K, reserved 1110016K
  class space    used 8469K, capacity 8867K, committed 8880K, reserved 1048576K
GC Heap History (10 events):
Event: 33.646 GC heap before
{Heap before GC invocations=24 (full 5):
 PSYoungGen      total 429056K, used 3072K [0x00000000e0000000, 0x0000000100000000, 0x0000000100000000)
  eden space 379392K, 0% used [0x00000000e0000000,0x00000000e0000000,0x00000000f7280000)
  from space 49664K, 6% used [0x00000000f7280000,0x00000000f7580000,0x00000000fa300000)
  to   space 49152K, 0% used [0x00000000fd000000,0x00000000fd000000,0x0000000100000000)
 ParOldGen       total 145920K, used 122914K [0x00000000a0000000, 0x00000000a8e80000, 0x00000000e0000000)
  object space 145920K, 84% used [0x00000000a0000000,0x00000000a7808820,0x00000000a8e80000)
 Metaspace       used 63369K, capacity 65046K, committed 65320K, reserved 1105920K
  class space    used 8072K, capacity 8443K, committed 8496K, reserved 1048576K
Event: 34.282 GC heap after
Heap after GC invocations=24 (full 5):
 PSYoungGen      total 429056K, used 0K [0x00000000e0000000, 0x0000000100000000, 0x0000000100000000)
  eden space 379392K, 0% used [0x00000000e0000000,0x00000000e0000000,0x00000000f7280000)
  from space 49664K, 0% used [0x00000000f7280000,0x00000000f7280000,0x00000000fa300000)
  to   space 49152K, 0% used [0x00000000fd000000,0x00000000fd000000,0x0000000100000000)
 ParOldGen       total 195584K, used 109632K [0x00000000a0000000, 0x00000000abf00000, 0x00000000e0000000)
  object space 195584K, 56% used [0x00000000a0000000,0x00000000a6b10238,0x00000000abf00000)
 Metaspace       used 63369K, capacity 65046K, committed 65320K, reserved 1105920K
  class space    used 8072K, capacity 8443K, committed 8496K, reserved 1048576K
}
Event: 36.108 GC heap before
{Heap before GC invocations=25 (full 5):
 PSYoungGen      total 429056K, used 379392K [0x00000000e0000000, 0x0000000100000000, 0x0000000100000000)
  eden space 379392K, 100% used [0x00000000e0000000,0x00000000f7280000,0x00000000f7280000)
  from space 49664K, 0% used [0x00000000f7280000,0x00000000f7280000,0x00000000fa300000)
  to   space 49152K, 0% used [0x00000000fd000000,0x00000000fd000000,0x0000000100000000)
 ParOldGen       total 195584K, used 109632K [0x00000000a0000000, 0x00000000abf00000, 0x00000000e0000000)
  object space 195584K, 56% used [0x00000000a0000000,0x00000000a6b10238,0x00000000abf00000)
 Metaspace       used 63395K, capacity 65174K, committed 65320K, reserved 1105920K
  class space    used 8072K, capacity 8443K, committed 8496K, reserved 1048576K
Event: 36.244 GC heap after
Heap after GC invocations=25 (full 5):
 PSYoungGen      total 454656K, used 49140K [0x00000000e0000000, 0x0000000100000000, 0x0000000100000000)
  eden space 405504K, 0% used [0x00000000e0000000,0x00000000e0000000,0x00000000f8c00000)
  from space 49152K, 99% used [0x00000000fd000000,0x00000000ffffd0e8,0x0000000100000000)
  to   space 59392K, 0% used [0x00000000f8c00000,0x00000000f8c00000,0x00000000fc600000)
 ParOldGen       total 195584K, used 113287K [0x00000000a0000000, 0x00000000abf00000, 0x00000000e0000000)
  object space 195584K, 57% used [0x00000000a0000000,0x00000000a6ea1d10,0x00000000abf00000)
 Metaspace       used 63395K, capacity 65174K, committed 65320K, reserved 1105920K
  class space    used 8072K, capacity 8443K, committed 8496K, reserved 1048576K
}
Event: 39.096 GC heap before
{Heap before GC invocations=26 (full 5):
 PSYoungGen      total 454656K, used 454173K [0x00000000e0000000, 0x0000000100000000, 0x0000000100000000)
  eden space 405504K, 99% used [0x00000000e0000000,0x00000000f8b8a368,0x00000000f8c00000)
  from space 49152K, 99% used [0x00000000fd000000,0x00000000ffffd0e8,0x0000000100000000)
  to   space 59392K, 0% used [0x00000000f8c00000,0x00000000f8c00000,0x00000000fc600000)
 ParOldGen       total 195584K, used 113287K [0x00000000a0000000, 0x00000000abf00000, 0x00000000e0000000)
  object space 195584K, 57% used [0x00000000a0000000,0x00000000a6ea1d10,0x00000000abf00000)
 Metaspace       used 65033K, capacity 66776K, committed 67112K, reserved 1107968K
  class space    used 8280K, capacity 8676K, committed 8752K, reserved 1048576K
Event: 39.199 GC heap after
Heap after GC invocations=26 (full 5):
 PSYoungGen      total 464896K, used 13486K [0x00000000e0000000, 0x0000000100000000, 0x0000000100000000)
  eden space 405504K, 0% used [0x00000000e0000000,0x00000000e0000000,0x00000000f8c00000)
  from space 59392K, 22% used [0x00000000f8c00000,0x00000000f992bba8,0x00000000fc600000)
  to   space 56320K, 0% used [0x00000000fc900000,0x00000000fc900000,0x0000000100000000)
 ParOldGen       total 195584K, used 136913K [0x00000000a0000000, 0x00000000abf00000, 0x00000000e0000000)
  object space 195584K, 70% used [0x00000000a0000000,0x00000000a85b46d8,0x00000000abf00000)
 Metaspace       used 65033K, capacity 66776K, committed 67112K, reserved 1107968K
  class space    used 8280K, capacity 8676K, committed 8752K, reserved 1048576K
}
Event: 39.711 GC heap before
{Heap before GC invocations=27 (full 5):
 PSYoungGen      total 464896K, used 44226K [0x00000000e0000000, 0x0000000100000000, 0x0000000100000000)
  eden space 405504K, 7% used [0x00000000e0000000,0x00000000e1e04da8,0x00000000f8c00000)
  from space 59392K, 22% used [0x00000000f8c00000,0x00000000f992bba8,0x00000000fc600000)
  to   space 56320K, 0% used [0x00000000fc900000,0x00000000fc900000,0x0000000100000000)
 ParOldGen       total 195584K, used 136913K [0x00000000a0000000, 0x00000000abf00000, 0x00000000e0000000)
  object space 195584K, 70% used [0x00000000a0000000,0x00000000a85b46d8,0x00000000abf00000)
 Metaspace       used 66496K, capacity 68166K, committed 68264K, reserved 1107968K
  class space    used 8443K, capacity 8837K, committed 8880K, reserved 1048576K
Event: 39.753 GC heap after
Heap after GC invocations=27 (full 5):
 PSYoungGen      total 468480K, used 1447K [0x00000000e0000000, 0x0000000100000000, 0x0000000100000000)
  eden space 412160K, 0% used [0x00000000e0000000,0x00000000e0000000,0x00000000f9280000)
  from space 56320K, 2% used [0x00000000fc900000,0x00000000fca69f88,0x0000000100000000)
  to   space 55808K, 0% used [0x00000000f9280000,0x00000000f9280000,0x00000000fc900000)
 ParOldGen       total 195584K, used 145503K [0x00000000a0000000, 0x00000000abf00000, 0x00000000e0000000)
  object space 195584K, 74% used [0x00000000a0000000,0x00000000a8e17c20,0x00000000abf00000)
 Metaspace       used 66496K, capacity 68166K, committed 68264K, reserved 1107968K
  class space    used 8443K, capacity 8837K, committed 8880K, reserved 1048576K
}
Event: 39.753 GC heap before
{Heap before GC invocations=28 (full 6):
 PSYoungGen      total 468480K, used 1447K [0x00000000e0000000, 0x0000000100000000, 0x0000000100000000)
  eden space 412160K, 0% used [0x00000000e0000000,0x00000000e0000000,0x00000000f9280000)
  from space 56320K, 2% used [0x00000000fc900000,0x00000000fca69f88,0x0000000100000000)
  to   space 55808K, 0% used [0x00000000f9280000,0x00000000f9280000,0x00000000fc900000)
 ParOldGen       total 195584K, used 145503K [0x00000000a0000000, 0x00000000abf00000, 0x00000000e0000000)
  object space 195584K, 74% used [0x00000000a0000000,0x00000000a8e17c20,0x00000000abf00000)
 Metaspace       used 66496K, capacity 68166K, committed 68264K, reserved 1107968K
  class space    used 8443K, capacity 8837K, committed 8880K, reserved 1048576K
Event: 40.127 GC heap after
Heap after GC invocations=28 (full 6):
 PSYoungGen      total 468480K, used 0K [0x00000000e0000000, 0x0000000100000000, 0x0000000100000000)
  eden space 412160K, 0% used [0x00000000e0000000,0x00000000e0000000,0x00000000f9280000)
  from space 56320K, 0% used [0x00000000fc900000,0x00000000fc900000,0x0000000100000000)
  to   space 55808K, 0% used [0x00000000f9280000,0x00000000f9280000,0x00000000fc900000)
 ParOldGen       total 195584K, used 39073K [0x00000000a0000000, 0x00000000abf00000, 0x00000000e0000000)
  object space 195584K, 19% used [0x00000000a0000000,0x00000000a26285b8,0x00000000abf00000)
 Metaspace       used 66496K, capacity 68166K, committed 68264K, reserved 1107968K
  class space    used 8443K, capacity 8837K, committed 8880K, reserved 1048576K
}

